<?xml version="1.0" encoding="UTF-8"?>
<!-- Generated by org.testng.reporters.JUnitXMLReporter -->
<testsuite ignored="0" hostname="Shital_Sangale" failures="0" tests="3" name="Test" time="78.049" errors="0" timestamp="2023-07-25T19:11:04 IST">
  <testcase classname="eCommerseproject.Amazon" name="amazontest" time="24.44"/>
  <testcase classname="eCommerseproject.Flipcart" name="flipcarttest" time="27.028"/>
  <testcase classname="eCommerseproject.Ajio" name="ajiotest" time="26.553"/>
</testsuite> <!-- Test -->
