<?xml version="1.0" encoding="UTF-8"?>
<testng-results ignored="0" total="3" passed="3" failed="0" skipped="0">
  <reporter-output>
    <line>
      <![CDATA[opening amazon]]>
    </line>
    <line>
      <![CDATA[opening flipcart]]>
    </line>
    <line>
      <![CDATA[ajio opening]]>
    </line>
  </reporter-output>
  <suite started-at="2023-07-25T19:09:46 IST" name="Suite" finished-at="2023-07-25T19:11:04 IST" duration-ms="78049">
    <groups>
    </groups>
    <test started-at="2023-07-25T19:09:46 IST" name="Test" finished-at="2023-07-25T19:11:04 IST" duration-ms="78049">
      <class name="eCommerseproject.Ajio">
        <test-method signature="ajiotest()[pri:0, instance:eCommerseproject.Ajio@16ec5519]" started-at="2023-07-25T19:10:37 IST" name="ajiotest" finished-at="2023-07-25T19:11:04 IST" duration-ms="26553" status="PASS">
          <reporter-output>
            <line>
              <![CDATA[ajio opening]]>
            </line>
          </reporter-output>
        </test-method> <!-- ajiotest -->
      </class> <!-- eCommerseproject.Ajio -->
      <class name="eCommerseproject.Amazon">
        <test-method signature="amazontest()[pri:0, instance:eCommerseproject.Amazon@c33b74f]" started-at="2023-07-25T19:09:46 IST" name="amazontest" finished-at="2023-07-25T19:10:10 IST" duration-ms="24440" status="PASS">
          <reporter-output>
            <line>
              <![CDATA[opening amazon]]>
            </line>
          </reporter-output>
        </test-method> <!-- amazontest -->
      </class> <!-- eCommerseproject.Amazon -->
      <class name="eCommerseproject.Flipcart">
        <test-method signature="flipcarttest()[pri:0, instance:eCommerseproject.Flipcart@50eac852]" started-at="2023-07-25T19:10:10 IST" name="flipcarttest" finished-at="2023-07-25T19:10:37 IST" duration-ms="27028" status="PASS">
          <reporter-output>
            <line>
              <![CDATA[opening flipcart]]>
            </line>
          </reporter-output>
        </test-method> <!-- flipcarttest -->
      </class> <!-- eCommerseproject.Flipcart -->
    </test> <!-- Test -->
  </suite> <!-- Suite -->
</testng-results>
